{"E:\\Rajesh\\landbankinggroup-animal-project\\src\\utils.tsx": {"path":"E:\\Rajesh\\landbankinggroup-animal-project\\src\\utils.tsx","statementMap":{"0":{"start":{"line":3,"column":13},"end":{"line":28,"column":null}},"1":{"start":{"line":30,"column":36},"end":{"line":47,"column":1}},"2":{"start":{"line":31,"column":19},"end":{"line":44,"column":6}},"3":{"start":{"line":32,"column":8},"end":{"line":43,"column":null}},"4":{"start":{"line":37,"column":16},"end":{"line":40,"column":null}},"5":{"start":{"line":41,"column":16},"end":{"line":41,"column":27}},"6":{"start":{"line":46,"column":4},"end":{"line":46,"column":18}},"7":{"start":{"line":30,"column":13},"end":{"line":30,"column":36}}},"fnMap":{"0":{"name":"(anonymous_0)","decl":{"start":{"line":30,"column":36},"end":{"line":30,"column":37}},"loc":{"start":{"line":30,"column":64},"end":{"line":47,"column":1}}},"1":{"name":"(anonymous_1)","decl":{"start":{"line":31,"column":32},"end":{"line":31,"column":33}},"loc":{"start":{"line":31,"column":54},"end":{"line":44,"column":5}}},"2":{"name":"(anonymous_2)","decl":{"start":{"line":35,"column":71},"end":{"line":35,"column":72}},"loc":{"start":{"line":35,"column":86},"end":{"line":42,"column":13}}}},"branchMap":{},"s":{"0":2,"1":2,"2":1,"3":1,"4":1,"5":1,"6":1,"7":2},"f":{"0":1,"1":1,"2":1},"b":{}}
,"E:\\Rajesh\\landbankinggroup-animal-project\\src\\components\\AnimalCards.tsx": {"path":"E:\\Rajesh\\landbankinggroup-animal-project\\src\\components\\AnimalCards.tsx","statementMap":{"0":{"start":{"line":1,"column":0},"end":{"line":1,"column":33}},"1":{"start":{"line":2,"column":0},"end":{"line":2,"column":37}},"2":{"start":{"line":3,"column":0},"end":{"line":3,"column":41}},"3":{"start":{"line":4,"column":0},"end":{"line":4,"column":74}},"4":{"start":{"line":7,"column":27},"end":{"line":49,"column":1}},"5":{"start":{"line":12,"column":48},"end":{"line":12,"column":107}},"6":{"start":{"line":13,"column":40},"end":{"line":13,"column":55}},"7":{"start":{"line":14,"column":26},"end":{"line":17,"column":5}},"8":{"start":{"line":15,"column":8},"end":{"line":15,"column":66}},"9":{"start":{"line":16,"column":8},"end":{"line":16,"column":28}},"10":{"start":{"line":19,"column":4},"end":{"line":48,"column":null}},"11":{"start":{"line":23,"column":73},"end":{"line":23,"column":79}},"12":{"start":{"line":25,"column":20},"end":{"line":35,"column":null}},"13":{"start":{"line":28,"column":43},"end":{"line":28,"column":92}},"14":{"start":{"line":7,"column":13},"end":{"line":7,"column":27}}},"fnMap":{"0":{"name":"(anonymous_0)","decl":{"start":{"line":7,"column":27},"end":{"line":7,"column":28}},"loc":{"start":{"line":11,"column":5},"end":{"line":49,"column":1}}},"1":{"name":"(anonymous_1)","decl":{"start":{"line":14,"column":26},"end":{"line":14,"column":27}},"loc":{"start":{"line":14,"column":89},"end":{"line":17,"column":5}}},"2":{"name":"(anonymous_2)","decl":{"start":{"line":22,"column":29},"end":{"line":22,"column":30}},"loc":{"start":{"line":22,"column":85},"end":{"line":36,"column":17}}},"3":{"name":"(anonymous_3)","decl":{"start":{"line":28,"column":37},"end":{"line":28,"column":40}},"loc":{"start":{"line":28,"column":43},"end":{"line":28,"column":92}}}},"branchMap":{"0":{"loc":{"start":{"line":7,"column":30},"end":{"line":7,"column":42}},"type":"default-arg","locations":[{"start":{"line":7,"column":40},"end":{"line":7,"column":42}}]},"1":{"loc":{"start":{"line":38,"column":13},"end":{"line":45,"column":null}},"type":"binary-expr","locations":[{"start":{"line":38,"column":13},"end":{"line":38,"column":23}},{"start":{"line":38,"column":27},"end":{"line":38,"column":58}},{"start":{"line":38,"column":62},"end":{"line":45,"column":null}}]}},"s":{"0":1,"1":1,"2":1,"3":1,"4":1,"5":4,"6":4,"7":4,"8":1,"9":1,"10":4,"11":3,"12":3,"13":1,"14":1},"f":{"0":4,"1":1,"2":3,"3":1},"b":{"0":[1],"1":[4,1,1]}}
,"E:\\Rajesh\\landbankinggroup-animal-project\\src\\components\\AnimalCharacteristicsModal.tsx": {"path":"E:\\Rajesh\\landbankinggroup-animal-project\\src\\components\\AnimalCharacteristicsModal.tsx","statementMap":{"0":{"start":{"line":1,"column":0},"end":{"line":1,"column":null}},"1":{"start":{"line":8,"column":0},"end":{"line":8,"column":60}},"2":{"start":{"line":10,"column":42},"end":{"line":83,"column":1}},"3":{"start":{"line":19,"column":30},"end":{"line":33,"column":5}},"4":{"start":{"line":20,"column":8},"end":{"line":20,"column":76}},"5":{"start":{"line":21,"column":8},"end":{"line":32,"column":null}},"6":{"start":{"line":35,"column":34},"end":{"line":46,"column":5}},"7":{"start":{"line":36,"column":8},"end":{"line":45,"column":null}},"8":{"start":{"line":37,"column":12},"end":{"line":44,"column":null}},"9":{"start":{"line":41,"column":63},"end":{"line":41,"column":102}},"10":{"start":{"line":42,"column":65},"end":{"line":42,"column":105}},"11":{"start":{"line":48,"column":4},"end":{"line":82,"column":null}},"12":{"start":{"line":49,"column":88},"end":{"line":49,"column":104}},"13":{"start":{"line":75,"column":35},"end":{"line":75,"column":51}},"14":{"start":{"line":10,"column":13},"end":{"line":10,"column":42}}},"fnMap":{"0":{"name":"(anonymous_0)","decl":{"start":{"line":10,"column":42},"end":{"line":10,"column":43}},"loc":{"start":{"line":18,"column":5},"end":{"line":83,"column":1}}},"1":{"name":"(anonymous_1)","decl":{"start":{"line":10,"column":133},"end":{"line":10,"column":136}},"loc":{"start":{"line":10,"column":138},"end":{"line":10,"column":142}}},"2":{"name":"(anonymous_2)","decl":{"start":{"line":19,"column":30},"end":{"line":19,"column":31}},"loc":{"start":{"line":19,"column":87},"end":{"line":33,"column":5}}},"3":{"name":"(anonymous_3)","decl":{"start":{"line":35,"column":34},"end":{"line":35,"column":35}},"loc":{"start":{"line":35,"column":48},"end":{"line":46,"column":5}}},"4":{"name":"(anonymous_4)","decl":{"start":{"line":36,"column":37},"end":{"line":36,"column":38}},"loc":{"start":{"line":36,"column":41},"end":{"line":45,"column":9}}},"5":{"name":"(anonymous_5)","decl":{"start":{"line":41,"column":57},"end":{"line":41,"column":60}},"loc":{"start":{"line":41,"column":63},"end":{"line":41,"column":102}}},"6":{"name":"(anonymous_6)","decl":{"start":{"line":42,"column":59},"end":{"line":42,"column":62}},"loc":{"start":{"line":42,"column":65},"end":{"line":42,"column":105}}},"7":{"name":"(anonymous_7)","decl":{"start":{"line":49,"column":82},"end":{"line":49,"column":85}},"loc":{"start":{"line":49,"column":88},"end":{"line":49,"column":104}}},"8":{"name":"(anonymous_8)","decl":{"start":{"line":75,"column":29},"end":{"line":75,"column":32}},"loc":{"start":{"line":75,"column":35},"end":{"line":75,"column":51}}}},"branchMap":{"0":{"loc":{"start":{"line":10,"column":77},"end":{"line":10,"column":92}},"type":"default-arg","locations":[{"start":{"line":10,"column":90},"end":{"line":10,"column":92}}]},"1":{"loc":{"start":{"line":10,"column":94},"end":{"line":10,"column":103}},"type":"default-arg","locations":[{"start":{"line":10,"column":101},"end":{"line":10,"column":103}}]},"2":{"loc":{"start":{"line":10,"column":105},"end":{"line":10,"column":119}},"type":"default-arg","locations":[{"start":{"line":10,"column":114},"end":{"line":10,"column":119}}]},"3":{"loc":{"start":{"line":10,"column":121},"end":{"line":10,"column":142}},"type":"default-arg","locations":[{"start":{"line":10,"column":133},"end":{"line":10,"column":142}}]}},"s":{"0":2,"1":2,"2":2,"3":7,"4":2,"5":2,"6":7,"7":7,"8":4,"9":1,"10":1,"11":7,"12":1,"13":1,"14":2},"f":{"0":7,"1":0,"2":2,"3":7,"4":4,"5":1,"6":1,"7":1,"8":1},"b":{"0":[1],"1":[1],"2":[1],"3":[1]}}
,"E:\\Rajesh\\landbankinggroup-animal-project\\src\\components\\AnimalsList.tsx": {"path":"E:\\Rajesh\\landbankinggroup-animal-project\\src\\components\\AnimalsList.tsx","statementMap":{"0":{"start":{"line":1,"column":0},"end":{"line":1,"column":39}},"1":{"start":{"line":3,"column":27},"end":{"line":23,"column":1}},"2":{"start":{"line":4,"column":25},"end":{"line":6,"column":5}},"3":{"start":{"line":5,"column":8},"end":{"line":5,"column":46}},"4":{"start":{"line":8,"column":4},"end":{"line":22,"column":null}},"5":{"start":{"line":15,"column":24},"end":{"line":17,"column":null}},"6":{"start":{"line":3,"column":13},"end":{"line":3,"column":27}}},"fnMap":{"0":{"name":"(anonymous_0)","decl":{"start":{"line":3,"column":27},"end":{"line":3,"column":28}},"loc":{"start":{"line":3,"column":126},"end":{"line":23,"column":1}}},"1":{"name":"(anonymous_1)","decl":{"start":{"line":4,"column":25},"end":{"line":4,"column":26}},"loc":{"start":{"line":4,"column":73},"end":{"line":6,"column":5}}},"2":{"name":"(anonymous_2)","decl":{"start":{"line":14,"column":37},"end":{"line":14,"column":43}},"loc":{"start":{"line":14,"column":46},"end":{"line":18,"column":21}}}},"branchMap":{},"s":{"0":1,"1":1,"2":2,"3":1,"4":2,"5":12,"6":1},"f":{"0":2,"1":1,"2":12},"b":{}}
,"E:\\Rajesh\\landbankinggroup-animal-project\\src\\components\\Header.tsx": {"path":"E:\\Rajesh\\landbankinggroup-animal-project\\src\\components\\Header.tsx","statementMap":{"0":{"start":{"line":1,"column":22},"end":{"line":12,"column":1}},"1":{"start":{"line":2,"column":4},"end":{"line":11,"column":null}},"2":{"start":{"line":1,"column":13},"end":{"line":1,"column":22}}},"fnMap":{"0":{"name":"(anonymous_0)","decl":{"start":{"line":1,"column":22},"end":{"line":1,"column":25}},"loc":{"start":{"line":1,"column":27},"end":{"line":12,"column":1}}}},"branchMap":{},"s":{"0":1,"1":1,"2":1},"f":{"0":1},"b":{}}
,"E:\\Rajesh\\landbankinggroup-animal-project\\src\\components\\common\\Card.tsx": {"path":"E:\\Rajesh\\landbankinggroup-animal-project\\src\\components\\common\\Card.tsx","statementMap":{"0":{"start":{"line":1,"column":20},"end":{"line":15,"column":1}},"1":{"start":{"line":2,"column":4},"end":{"line":14,"column":null}},"2":{"start":{"line":3,"column":47},"end":{"line":3,"column":56}},"3":{"start":{"line":1,"column":13},"end":{"line":1,"column":20}}},"fnMap":{"0":{"name":"(anonymous_0)","decl":{"start":{"line":1,"column":20},"end":{"line":1,"column":21}},"loc":{"start":{"line":1,"column":152},"end":{"line":15,"column":1}}},"1":{"name":"(anonymous_1)","decl":{"start":{"line":3,"column":41},"end":{"line":3,"column":44}},"loc":{"start":{"line":3,"column":47},"end":{"line":3,"column":56}}}},"branchMap":{},"s":{"0":2,"1":5,"2":2,"3":2},"f":{"0":5,"1":2},"b":{}}
,"E:\\Rajesh\\landbankinggroup-animal-project\\src\\components\\common\\IconButton.tsx": {"path":"E:\\Rajesh\\landbankinggroup-animal-project\\src\\components\\common\\IconButton.tsx","statementMap":{"0":{"start":{"line":2,"column":2},"end":{"line":6,"column":4}},"1":{"start":{"line":1,"column":0},"end":{"line":1,"column":16}}},"fnMap":{"0":{"name":"FontAwesomeIconButton","decl":{"start":{"line":1,"column":16},"end":{"line":1,"column":37}},"loc":{"start":{"line":1,"column":91},"end":{"line":7,"column":1}}}},"branchMap":{"0":{"loc":{"start":{"line":1,"column":40},"end":{"line":1,"column":49}},"type":"default-arg","locations":[{"start":{"line":1,"column":47},"end":{"line":1,"column":49}}]},"1":{"loc":{"start":{"line":4,"column":25},"end":{"line":4,"column":43}},"type":"cond-expr","locations":[{"start":{"line":4,"column":32},"end":{"line":4,"column":39}},{"start":{"line":4,"column":41},"end":{"line":4,"column":43}}]}},"s":{"0":11,"1":3},"f":{"0":11},"b":{"0":[1],"1":[6,5]}}
,"E:\\Rajesh\\landbankinggroup-animal-project\\src\\components\\common\\Rating.tsx": {"path":"E:\\Rajesh\\landbankinggroup-animal-project\\src\\components\\common\\Rating.tsx","statementMap":{"0":{"start":{"line":1,"column":22},"end":{"line":19,"column":1}},"1":{"start":{"line":2,"column":19},"end":{"line":2,"column":34}},"2":{"start":{"line":4,"column":25},"end":{"line":6,"column":5}},"3":{"start":{"line":5,"column":8},"end":{"line":5,"column":42}},"4":{"start":{"line":8,"column":4},"end":{"line":18,"column":null}},"5":{"start":{"line":12,"column":20},"end":{"line":14,"column":null}},"6":{"start":{"line":13,"column":45},"end":{"line":13,"column":64}},"7":{"start":{"line":13,"column":82},"end":{"line":13,"column":114}},"8":{"start":{"line":1,"column":13},"end":{"line":1,"column":22}}},"fnMap":{"0":{"name":"(anonymous_0)","decl":{"start":{"line":1,"column":22},"end":{"line":1,"column":23}},"loc":{"start":{"line":1,"column":170},"end":{"line":19,"column":1}}},"1":{"name":"(anonymous_1)","decl":{"start":{"line":1,"column":77},"end":{"line":1,"column":80}},"loc":{"start":{"line":1,"column":82},"end":{"line":1,"column":85}}},"2":{"name":"(anonymous_2)","decl":{"start":{"line":4,"column":25},"end":{"line":4,"column":26}},"loc":{"start":{"line":4,"column":59},"end":{"line":6,"column":5}}},"3":{"name":"(anonymous_3)","decl":{"start":{"line":11,"column":27},"end":{"line":11,"column":28}},"loc":{"start":{"line":11,"column":40},"end":{"line":15,"column":17}}},"4":{"name":"(anonymous_4)","decl":{"start":{"line":13,"column":40},"end":{"line":13,"column":41}},"loc":{"start":{"line":13,"column":45},"end":{"line":13,"column":64}}},"5":{"name":"(anonymous_5)","decl":{"start":{"line":13,"column":76},"end":{"line":13,"column":79}},"loc":{"start":{"line":13,"column":82},"end":{"line":13,"column":114}}}},"branchMap":{"0":{"loc":{"start":{"line":1,"column":25},"end":{"line":1,"column":41}},"type":"default-arg","locations":[{"start":{"line":1,"column":40},"end":{"line":1,"column":41}}]},"1":{"loc":{"start":{"line":1,"column":56},"end":{"line":1,"column":85}},"type":"default-arg","locations":[{"start":{"line":1,"column":77},"end":{"line":1,"column":85}}]}},"s":{"0":2,"1":6,"2":6,"3":1,"4":6,"5":30,"6":1,"7":1,"8":2},"f":{"0":6,"1":0,"2":1,"3":30,"4":1,"5":1},"b":{"0":[1],"1":[1]}}
}
