TN:
SF:src\utils.tsx
FN:30,(anonymous_0)
FN:31,(anonymous_1)
FN:35,(anonymous_2)
FNF:3
FNH:3
FNDA:1,(anonymous_0)
FNDA:1,(anonymous_1)
FNDA:1,(anonymous_2)
DA:3,2
DA:30,2
DA:31,1
DA:32,1
DA:37,1
DA:41,1
DA:46,1
LF:7
LH:7
BRF:0
BRH:0
end_of_record
TN:
SF:src\components\AnimalCards.tsx
FN:7,(anonymous_0)
FN:14,(anonymous_1)
FN:22,(anonymous_2)
FN:28,(anonymous_3)
FNF:4
FNH:4
FNDA:4,(anonymous_0)
FNDA:1,(anonymous_1)
FNDA:3,(anonymous_2)
FNDA:1,(anonymous_3)
DA:1,1
DA:2,1
DA:3,1
DA:4,1
DA:7,1
DA:12,4
DA:13,4
DA:14,4
DA:15,1
DA:16,1
DA:19,4
DA:23,3
DA:25,3
DA:28,1
LF:14
LH:14
BRDA:7,0,0,1
BRDA:38,1,0,4
BRDA:38,1,1,1
BRDA:38,1,2,1
BRF:4
BRH:4
end_of_record
TN:
SF:src\components\AnimalCharacteristicsModal.tsx
FN:10,(anonymous_0)
FN:10,(anonymous_1)
FN:19,(anonymous_2)
FN:35,(anonymous_3)
FN:36,(anonymous_4)
FN:41,(anonymous_5)
FN:42,(anonymous_6)
FN:49,(anonymous_7)
FN:75,(anonymous_8)
FNF:9
FNH:8
FNDA:7,(anonymous_0)
FNDA:0,(anonymous_1)
FNDA:2,(anonymous_2)
FNDA:7,(anonymous_3)
FNDA:4,(anonymous_4)
FNDA:1,(anonymous_5)
FNDA:1,(anonymous_6)
FNDA:1,(anonymous_7)
FNDA:1,(anonymous_8)
DA:1,2
DA:8,2
DA:10,2
DA:19,7
DA:20,2
DA:21,2
DA:35,7
DA:36,7
DA:37,4
DA:41,1
DA:42,1
DA:48,7
DA:49,1
DA:75,1
LF:14
LH:14
BRDA:10,0,0,1
BRDA:10,1,0,1
BRDA:10,2,0,1
BRDA:10,3,0,1
BRF:4
BRH:4
end_of_record
TN:
SF:src\components\AnimalsList.tsx
FN:3,(anonymous_0)
FN:4,(anonymous_1)
FN:14,(anonymous_2)
FNF:3
FNH:3
FNDA:2,(anonymous_0)
FNDA:1,(anonymous_1)
FNDA:12,(anonymous_2)
DA:1,1
DA:3,1
DA:4,2
DA:5,1
DA:8,2
DA:15,12
LF:6
LH:6
BRF:0
BRH:0
end_of_record
TN:
SF:src\components\Header.tsx
FN:1,(anonymous_0)
FNF:1
FNH:1
FNDA:1,(anonymous_0)
DA:1,1
DA:2,1
LF:2
LH:2
BRF:0
BRH:0
end_of_record
TN:
SF:src\components\common\Card.tsx
FN:1,(anonymous_0)
FN:3,(anonymous_1)
FNF:2
FNH:2
FNDA:5,(anonymous_0)
FNDA:2,(anonymous_1)
DA:1,2
DA:2,5
DA:3,2
LF:3
LH:3
BRF:0
BRH:0
end_of_record
TN:
SF:src\components\common\IconButton.tsx
FN:1,FontAwesomeIconButton
FNF:1
FNH:1
FNDA:11,FontAwesomeIconButton
DA:1,3
DA:2,11
LF:2
LH:2
BRDA:1,0,0,1
BRDA:4,1,0,6
BRDA:4,1,1,5
BRF:3
BRH:3
end_of_record
TN:
SF:src\components\common\Rating.tsx
FN:1,(anonymous_0)
FN:1,(anonymous_1)
FN:4,(anonymous_2)
FN:11,(anonymous_3)
FN:13,(anonymous_4)
FN:13,(anonymous_5)
FNF:6
FNH:5
FNDA:6,(anonymous_0)
FNDA:0,(anonymous_1)
FNDA:1,(anonymous_2)
FNDA:30,(anonymous_3)
FNDA:1,(anonymous_4)
FNDA:1,(anonymous_5)
DA:1,2
DA:2,6
DA:4,6
DA:5,1
DA:8,6
DA:12,30
DA:13,1
LF:7
LH:7
BRDA:1,0,0,1
BRDA:1,1,0,1
BRF:2
BRH:2
end_of_record
